
code.elf:     file format elf32-avr


Disassembly of section .text:

00000000 <__vectors>:
   0:	0c 94 34 00 	jmp	0x68	; 0x68 <__ctors_end>
   4:	0c 94 51 00 	jmp	0xa2	; 0xa2 <__bad_interrupt>
   8:	0c 94 51 00 	jmp	0xa2	; 0xa2 <__bad_interrupt>
   c:	0c 94 53 00 	jmp	0xa6	; 0xa6 <__vector_3>
  10:	0c 94 51 00 	jmp	0xa2	; 0xa2 <__bad_interrupt>
  14:	0c 94 51 00 	jmp	0xa2	; 0xa2 <__bad_interrupt>
  18:	0c 94 51 00 	jmp	0xa2	; 0xa2 <__bad_interrupt>
  1c:	0c 94 51 00 	jmp	0xa2	; 0xa2 <__bad_interrupt>
  20:	0c 94 51 00 	jmp	0xa2	; 0xa2 <__bad_interrupt>
  24:	0c 94 51 00 	jmp	0xa2	; 0xa2 <__bad_interrupt>
  28:	0c 94 51 00 	jmp	0xa2	; 0xa2 <__bad_interrupt>
  2c:	0c 94 51 00 	jmp	0xa2	; 0xa2 <__bad_interrupt>
  30:	0c 94 51 00 	jmp	0xa2	; 0xa2 <__bad_interrupt>
  34:	0c 94 51 00 	jmp	0xa2	; 0xa2 <__bad_interrupt>
  38:	0c 94 51 00 	jmp	0xa2	; 0xa2 <__bad_interrupt>
  3c:	0c 94 51 00 	jmp	0xa2	; 0xa2 <__bad_interrupt>
  40:	0c 94 51 00 	jmp	0xa2	; 0xa2 <__bad_interrupt>
  44:	0c 94 51 00 	jmp	0xa2	; 0xa2 <__bad_interrupt>
  48:	0c 94 51 00 	jmp	0xa2	; 0xa2 <__bad_interrupt>
  4c:	0c 94 51 00 	jmp	0xa2	; 0xa2 <__bad_interrupt>
  50:	0c 94 51 00 	jmp	0xa2	; 0xa2 <__bad_interrupt>
  54:	0c 94 51 00 	jmp	0xa2	; 0xa2 <__bad_interrupt>
  58:	0c 94 51 00 	jmp	0xa2	; 0xa2 <__bad_interrupt>
  5c:	0c 94 51 00 	jmp	0xa2	; 0xa2 <__bad_interrupt>
  60:	0c 94 51 00 	jmp	0xa2	; 0xa2 <__bad_interrupt>
  64:	0c 94 51 00 	jmp	0xa2	; 0xa2 <__bad_interrupt>

00000068 <__ctors_end>:
  68:	11 24       	eor	r1, r1
  6a:	1f be       	out	0x3f, r1	; 63
  6c:	cf ef       	ldi	r28, 0xFF	; 255
  6e:	d8 e0       	ldi	r29, 0x08	; 8
  70:	de bf       	out	0x3e, r29	; 62
  72:	cd bf       	out	0x3d, r28	; 61

00000074 <__do_copy_data>:
  74:	11 e0       	ldi	r17, 0x01	; 1
  76:	a0 e0       	ldi	r26, 0x00	; 0
  78:	b1 e0       	ldi	r27, 0x01	; 1
  7a:	e2 e1       	ldi	r30, 0x12	; 18
  7c:	f2 e0       	ldi	r31, 0x02	; 2
  7e:	02 c0       	rjmp	.+4      	; 0x84 <__do_copy_data+0x10>
  80:	05 90       	lpm	r0, Z+
  82:	0d 92       	st	X+, r0
  84:	ac 30       	cpi	r26, 0x0C	; 12
  86:	b1 07       	cpc	r27, r17
  88:	d9 f7       	brne	.-10     	; 0x80 <__do_copy_data+0xc>

0000008a <__do_clear_bss>:
  8a:	21 e0       	ldi	r18, 0x01	; 1
  8c:	ac e0       	ldi	r26, 0x0C	; 12
  8e:	b1 e0       	ldi	r27, 0x01	; 1
  90:	01 c0       	rjmp	.+2      	; 0x94 <.do_clear_bss_start>

00000092 <.do_clear_bss_loop>:
  92:	1d 92       	st	X+, r1

00000094 <.do_clear_bss_start>:
  94:	ad 30       	cpi	r26, 0x0D	; 13
  96:	b2 07       	cpc	r27, r18
  98:	e1 f7       	brne	.-8      	; 0x92 <.do_clear_bss_loop>
  9a:	0e 94 69 00 	call	0xd2	; 0xd2 <main>
  9e:	0c 94 07 01 	jmp	0x20e	; 0x20e <_exit>

000000a2 <__bad_interrupt>:
  a2:	0c 94 00 00 	jmp	0	; 0x0 <__vectors>

000000a6 <__vector_3>:
  a6:	1f 92       	push	r1
  a8:	1f b6       	in	r1, 0x3f	; 63
  aa:	1f 92       	push	r1
  ac:	11 24       	eor	r1, r1
  ae:	8f 93       	push	r24
  b0:	18 9b       	sbis	0x03, 0	; 3
  b2:	06 c0       	rjmp	.+12     	; 0xc0 <__vector_3+0x1a>
  b4:	80 91 0c 01 	lds	r24, 0x010C	; 0x80010c <state>
  b8:	88 23       	and	r24, r24
  ba:	39 f0       	breq	.+14     	; 0xca <__vector_3+0x24>
  bc:	10 92 0c 01 	sts	0x010C, r1	; 0x80010c <state>
  c0:	8f 91       	pop	r24
  c2:	1f 90       	pop	r1
  c4:	1f be       	out	0x3f, r1	; 63
  c6:	1f 90       	pop	r1
  c8:	18 95       	reti
  ca:	81 e0       	ldi	r24, 0x01	; 1
  cc:	80 93 0c 01 	sts	0x010C, r24	; 0x80010c <state>
  d0:	f7 cf       	rjmp	.-18     	; 0xc0 <__vector_3+0x1a>

000000d2 <main>:
  d2:	84 b1       	in	r24, 0x04	; 4
  d4:	8e 63       	ori	r24, 0x3E	; 62
  d6:	84 b9       	out	0x04, r24	; 4
  d8:	20 98       	cbi	0x04, 0	; 4
  da:	28 98       	cbi	0x05, 0	; 5
  dc:	80 91 68 00 	lds	r24, 0x0068	; 0x800068 <__TEXT_REGION_LENGTH__+0x7e0068>
  e0:	81 60       	ori	r24, 0x01	; 1
  e2:	80 93 68 00 	sts	0x0068, r24	; 0x800068 <__TEXT_REGION_LENGTH__+0x7e0068>
  e6:	80 91 6b 00 	lds	r24, 0x006B	; 0x80006b <__TEXT_REGION_LENGTH__+0x7e006b>
  ea:	81 60       	ori	r24, 0x01	; 1
  ec:	80 93 6b 00 	sts	0x006B, r24	; 0x80006b <__TEXT_REGION_LENGTH__+0x7e006b>
  f0:	78 94       	sei
  f2:	21 e0       	ldi	r18, 0x01	; 1
  f4:	30 e0       	ldi	r19, 0x00	; 0
  f6:	80 91 0c 01 	lds	r24, 0x010C	; 0x80010c <state>
  fa:	88 23       	and	r24, r24
  fc:	09 f4       	brne	.+2      	; 0x100 <main+0x2e>
  fe:	60 c0       	rjmp	.+192    	; 0x1c0 <main+0xee>
 100:	80 91 00 01 	lds	r24, 0x0100	; 0x800100 <led>
 104:	90 91 01 01 	lds	r25, 0x0101	; 0x800101 <led+0x1>
 108:	ac 01       	movw	r20, r24
 10a:	4f 5f       	subi	r20, 0xFF	; 255
 10c:	5f 4f       	sbci	r21, 0xFF	; 255
 10e:	50 93 01 01 	sts	0x0101, r21	; 0x800101 <led+0x1>
 112:	40 93 00 01 	sts	0x0100, r20	; 0x800100 <led>
 116:	01 96       	adiw	r24, 0x01	; 1
 118:	85 30       	cpi	r24, 0x05	; 5
 11a:	91 05       	cpc	r25, r1
 11c:	84 f1       	brlt	.+96     	; 0x17e <main+0xac>
 11e:	4f ef       	ldi	r20, 0xFF	; 255
 120:	89 e6       	ldi	r24, 0x69	; 105
 122:	98 e1       	ldi	r25, 0x18	; 24
 124:	41 50       	subi	r20, 0x01	; 1
 126:	80 40       	sbci	r24, 0x00	; 0
 128:	90 40       	sbci	r25, 0x00	; 0
 12a:	e1 f7       	brne	.-8      	; 0x124 <main+0x52>
 12c:	00 c0       	rjmp	.+0      	; 0x12e <main+0x5c>
 12e:	00 00       	nop
 130:	80 91 00 01 	lds	r24, 0x0100	; 0x800100 <led>
 134:	90 91 01 01 	lds	r25, 0x0101	; 0x800101 <led+0x1>
 138:	85 30       	cpi	r24, 0x05	; 5
 13a:	91 05       	cpc	r25, r1
 13c:	84 f1       	brlt	.+96     	; 0x19e <main+0xcc>
 13e:	4f ef       	ldi	r20, 0xFF	; 255
 140:	8b e7       	ldi	r24, 0x7B	; 123
 142:	92 e9       	ldi	r25, 0x92	; 146
 144:	41 50       	subi	r20, 0x01	; 1
 146:	80 40       	sbci	r24, 0x00	; 0
 148:	90 40       	sbci	r25, 0x00	; 0
 14a:	e1 f7       	brne	.-8      	; 0x144 <main+0x72>
 14c:	00 c0       	rjmp	.+0      	; 0x14e <main+0x7c>
 14e:	00 00       	nop
 150:	85 b1       	in	r24, 0x05	; 5
 152:	e0 91 00 01 	lds	r30, 0x0100	; 0x800100 <led>
 156:	f0 91 01 01 	lds	r31, 0x0101	; 0x800101 <led+0x1>
 15a:	ee 0f       	add	r30, r30
 15c:	ff 1f       	adc	r31, r31
 15e:	ee 5f       	subi	r30, 0xFE	; 254
 160:	fe 4f       	sbci	r31, 0xFE	; 254
 162:	a9 01       	movw	r20, r18
 164:	00 80       	ld	r0, Z
 166:	02 c0       	rjmp	.+4      	; 0x16c <main+0x9a>
 168:	44 0f       	add	r20, r20
 16a:	55 1f       	adc	r21, r21
 16c:	0a 94       	dec	r0
 16e:	e2 f7       	brpl	.-8      	; 0x168 <main+0x96>
 170:	84 27       	eor	r24, r20
 172:	85 b9       	out	0x05, r24	; 5
 174:	1d 9b       	sbis	0x03, 5	; 3
 176:	bf cf       	rjmp	.-130    	; 0xf6 <main+0x24>
 178:	10 92 0c 01 	sts	0x010C, r1	; 0x80010c <state>
 17c:	bc cf       	rjmp	.-136    	; 0xf6 <main+0x24>
 17e:	45 b1       	in	r20, 0x05	; 5
 180:	fc 01       	movw	r30, r24
 182:	ee 0f       	add	r30, r30
 184:	ff 1f       	adc	r31, r31
 186:	ee 5f       	subi	r30, 0xFE	; 254
 188:	fe 4f       	sbci	r31, 0xFE	; 254
 18a:	b9 01       	movw	r22, r18
 18c:	00 80       	ld	r0, Z
 18e:	02 c0       	rjmp	.+4      	; 0x194 <main+0xc2>
 190:	66 0f       	add	r22, r22
 192:	77 1f       	adc	r23, r23
 194:	0a 94       	dec	r0
 196:	e2 f7       	brpl	.-8      	; 0x190 <main+0xbe>
 198:	46 27       	eor	r20, r22
 19a:	45 b9       	out	0x05, r20	; 5
 19c:	bc cf       	rjmp	.-136    	; 0x116 <main+0x44>
 19e:	45 b1       	in	r20, 0x05	; 5
 1a0:	fc 01       	movw	r30, r24
 1a2:	ee 0f       	add	r30, r30
 1a4:	ff 1f       	adc	r31, r31
 1a6:	ee 5f       	subi	r30, 0xFE	; 254
 1a8:	fe 4f       	sbci	r31, 0xFE	; 254
 1aa:	b9 01       	movw	r22, r18
 1ac:	00 80       	ld	r0, Z
 1ae:	02 c0       	rjmp	.+4      	; 0x1b4 <main+0xe2>
 1b0:	66 0f       	add	r22, r22
 1b2:	77 1f       	adc	r23, r23
 1b4:	0a 94       	dec	r0
 1b6:	e2 f7       	brpl	.-8      	; 0x1b0 <main+0xde>
 1b8:	46 27       	eor	r20, r22
 1ba:	45 b9       	out	0x05, r20	; 5
 1bc:	01 96       	adiw	r24, 0x01	; 1
 1be:	bc cf       	rjmp	.-136    	; 0x138 <main+0x66>
 1c0:	19 9b       	sbis	0x03, 1	; 3
 1c2:	99 cf       	rjmp	.-206    	; 0xf6 <main+0x24>
 1c4:	4f ef       	ldi	r20, 0xFF	; 255
 1c6:	83 e2       	ldi	r24, 0x23	; 35
 1c8:	94 ef       	ldi	r25, 0xF4	; 244
 1ca:	41 50       	subi	r20, 0x01	; 1
 1cc:	80 40       	sbci	r24, 0x00	; 0
 1ce:	90 40       	sbci	r25, 0x00	; 0
 1d0:	e1 f7       	brne	.-8      	; 0x1ca <main+0xf8>
 1d2:	00 c0       	rjmp	.+0      	; 0x1d4 <main+0x102>
 1d4:	00 00       	nop
 1d6:	85 b1       	in	r24, 0x05	; 5
 1d8:	e0 91 00 01 	lds	r30, 0x0100	; 0x800100 <led>
 1dc:	f0 91 01 01 	lds	r31, 0x0101	; 0x800101 <led+0x1>
 1e0:	ee 0f       	add	r30, r30
 1e2:	ff 1f       	adc	r31, r31
 1e4:	ee 5f       	subi	r30, 0xFE	; 254
 1e6:	fe 4f       	sbci	r31, 0xFE	; 254
 1e8:	a9 01       	movw	r20, r18
 1ea:	00 80       	ld	r0, Z
 1ec:	02 c0       	rjmp	.+4      	; 0x1f2 <main+0x120>
 1ee:	44 0f       	add	r20, r20
 1f0:	55 1f       	adc	r21, r21
 1f2:	0a 94       	dec	r0
 1f4:	e2 f7       	brpl	.-8      	; 0x1ee <main+0x11c>
 1f6:	84 27       	eor	r24, r20
 1f8:	85 b9       	out	0x05, r24	; 5
 1fa:	80 91 00 01 	lds	r24, 0x0100	; 0x800100 <led>
 1fe:	90 91 01 01 	lds	r25, 0x0101	; 0x800101 <led+0x1>
 202:	01 97       	sbiw	r24, 0x01	; 1
 204:	90 93 01 01 	sts	0x0101, r25	; 0x800101 <led+0x1>
 208:	80 93 00 01 	sts	0x0100, r24	; 0x800100 <led>
 20c:	74 cf       	rjmp	.-280    	; 0xf6 <main+0x24>

0000020e <_exit>:
 20e:	f8 94       	cli

00000210 <__stop_program>:
 210:	ff cf       	rjmp	.-2      	; 0x210 <__stop_program>
